WARNING: The `useMongoClient` option is no longer necessary in mongoose 5.x, please remove it.
    at handleUseMongoClient (/root/trip/trip2/trip/node_modules/mongoose/lib/connection.js:860:17)
    at NativeConnection.Connection.openUri (/root/trip/trip2/trip/node_modules/mongoose/lib/connection.js:637:7)
    at Mongoose.connect (/root/trip/trip2/trip/node_modules/mongoose/lib/index.js:333:15)
    at Object.<anonymous> (/root/trip/trip2/trip/app.js:13:10)
    at Module._compile (internal/modules/cjs/loader.js:1156:30)
    at Object.Module._extensions..js (internal/modules/cjs/loader.js:1176:10)
    at Module.load (internal/modules/cjs/loader.js:1000:32)
    at Function.Module._load (internal/modules/cjs/loader.js:899:14)
    at Function.executeUserEntryPoint [as runMain] (internal/modules/run_main.js:74:12)
    at internal/main/run_main_module.js:18:47
(node:11468) DeprecationWarning: current URL string parser is deprecated, and will be removed in a future version. To use the new parser, pass option { useNewUrlParser: true } to MongoClient.connect.
(node:11468) DeprecationWarning: current Server Discovery and Monitoring engine is deprecated, and will be removed in a future version. To use the new Server Discover and Monitoring engine, pass option { useUnifiedTopology: true } to the MongoClient constructor.
✔ listening on port:http://localhost:3389
✔ DB connected!
(node:11468) DeprecationWarning: collection.ensureIndex is deprecated. Use createIndexes instead.

> server@1.0.0 start /root/trip/trip2/trip
> node app.js

WARNING: The `useMongoClient` option is no longer necessary in mongoose 5.x, please remove it.
    at handleUseMongoClient (/root/trip/trip2/trip/node_modules/mongoose/lib/connection.js:860:17)
    at NativeConnection.Connection.openUri (/root/trip/trip2/trip/node_modules/mongoose/lib/connection.js:637:7)
    at Mongoose.connect (/root/trip/trip2/trip/node_modules/mongoose/lib/index.js:333:15)
    at Object.<anonymous> (/root/trip/trip2/trip/app.js:13:10)
    at Module._compile (internal/modules/cjs/loader.js:1156:30)
    at Object.Module._extensions..js (internal/modules/cjs/loader.js:1176:10)
    at Module.load (internal/modules/cjs/loader.js:1000:32)
    at Function.Module._load (internal/modules/cjs/loader.js:899:14)
    at Function.executeUserEntryPoint [as runMain] (internal/modules/run_main.js:74:12)
    at internal/main/run_main_module.js:18:47
(node:11579) DeprecationWarning: current URL string parser is deprecated, and will be removed in a future version. To use the new parser, pass option { useNewUrlParser: true } to MongoClient.connect.
(node:11579) DeprecationWarning: current Server Discovery and Monitoring engine is deprecated, and will be removed in a future version. To use the new Server Discover and Monitoring engine, pass option { useUnifiedTopology: true } to the MongoClient constructor.
✔ listening on port:http://localhost:3389
✔ DB connected!
(node:11579) DeprecationWarning: collection.ensureIndex is deprecated. Use createIndexes instead.
[0mPOST /api/auth/login [32m200[0m 283.669 ms - 256[0m
